android/unityLibrary/build/intermediates/manifest_merge_blame_file/release/manifest-merger-blame-release-report.txt
1<?xml version="1.0" encoding="utf-8"?>
2<!-- GENERATED BY UNITY. REMOVE THIS COMMENT TO PREVENT OVERWRITING WHEN EXPORTING AGAIN -->
3<manifest xmlns:android="http://schemas.android.com/apk/res/android"
4    xmlns:tools="http://schemas.android.com/tools"
5    package="com.unity3d.player"
6    android:versionCode="1"
7    android:versionName="0.1" >
8
9    <uses-sdk
10        android:minSdkVersion="24"
10-->src\main\AndroidManifest.xml
11        android:targetSdkVersion="30" />
11-->src\main\AndroidManifest.xml
12
13    <uses-feature android:glEsVersion="0x00020000" />
13-->src\main\AndroidManifest.xml:21:3-52
13-->src\main\AndroidManifest.xml:21:17-49
14
15    <uses-permission android:name="android.permission.INTERNET" />
15-->src\main\AndroidManifest.xml:22:3-65
15-->src\main\AndroidManifest.xml:22:20-62
16    <uses-permission android:name="android.permission.ACCESS_FINE_LOCATION" />
16-->src\main\AndroidManifest.xml:23:3-77
16-->src\main\AndroidManifest.xml:23:20-74
17
18    <uses-feature
18-->src\main\AndroidManifest.xml:24:3-89
19        android:name="android.hardware.location.gps"
19-->src\main\AndroidManifest.xml:24:17-61
20        android:required="false" />
20-->src\main\AndroidManifest.xml:24:62-86
21    <uses-feature
21-->src\main\AndroidManifest.xml:25:3-85
22        android:name="android.hardware.location"
22-->src\main\AndroidManifest.xml:25:17-57
23        android:required="false" />
23-->src\main\AndroidManifest.xml:25:58-82
24    <uses-feature
24-->src\main\AndroidManifest.xml:26:3-88
25        android:name="android.hardware.touchscreen"
25-->src\main\AndroidManifest.xml:26:17-60
26        android:required="false" />
26-->src\main\AndroidManifest.xml:26:61-85
27    <uses-feature
27-->src\main\AndroidManifest.xml:27:3-99
28        android:name="android.hardware.touchscreen.multitouch"
28-->src\main\AndroidManifest.xml:27:17-71
29        android:required="false" />
29-->src\main\AndroidManifest.xml:27:72-96
30    <uses-feature
30-->src\main\AndroidManifest.xml:28:3-108
31        android:name="android.hardware.touchscreen.multitouch.distinct"
31-->src\main\AndroidManifest.xml:28:17-80
32        android:required="false" />
32-->src\main\AndroidManifest.xml:28:81-105
33
34    <uses-permission android:name="android.permission.CAMERA" />
34-->src\main\AndroidManifest.xml:29:3-63
34-->src\main\AndroidManifest.xml:29:20-60
35
36    <uses-feature
36-->src\main\AndroidManifest.xml:30:3-85
37        android:name="android.hardware.camera.ar"
37-->src\main\AndroidManifest.xml:30:17-58
38        android:required="true" />
38-->src\main\AndroidManifest.xml:30:59-82
39
40    <application>
40-->src\main\AndroidManifest.xml:4:3-20:17
41        <activity
41-->src\main\AndroidManifest.xml:5:5-12:16
42            android:name="com.unity3d.player.UnityPlayerActivity"
42-->src\main\AndroidManifest.xml:5:15-68
43            android:configChanges="mcc|mnc|locale|touchscreen|keyboard|keyboardHidden|navigation|orientation|screenLayout|uiMode|screenSize|smallestScreenSize|fontScale|layoutDirection|density"
43-->src\main\AndroidManifest.xml:5:180-361
44            android:hardwareAccelerated="false"
44-->src\main\AndroidManifest.xml:5:397-432
45            android:launchMode="singleTask"
45-->src\main\AndroidManifest.xml:5:148-179
46            android:resizeableActivity="false"
46-->src\main\AndroidManifest.xml:5:362-396
47            android:screenOrientation="portrait"
47-->src\main\AndroidManifest.xml:5:111-147
48            android:theme="@style/UnityThemeSelector" >
48-->src\main\AndroidManifest.xml:5:69-110
49            <intent-filter>
49-->src\main\AndroidManifest.xml:6:7-9:23
50                <action android:name="android.intent.action.MAIN" />
50-->src\main\AndroidManifest.xml:7:9-61
50-->src\main\AndroidManifest.xml:7:17-58
51
52                <category android:name="android.intent.category.LAUNCHER" />
52-->src\main\AndroidManifest.xml:8:9-69
52-->src\main\AndroidManifest.xml:8:19-66
53            </intent-filter>
54
55            <meta-data
55-->src\main\AndroidManifest.xml:10:7-82
56                android:name="unityplayer.UnityActivity"
56-->src\main\AndroidManifest.xml:10:18-58
57                android:value="true" />
57-->src\main\AndroidManifest.xml:10:59-79
58            <meta-data
58-->src\main\AndroidManifest.xml:11:7-78
59                android:name="android.notch_support"
59-->src\main\AndroidManifest.xml:11:18-54
60                android:value="true" />
60-->src\main\AndroidManifest.xml:11:55-75
61        </activity>
62
63        <meta-data
63-->src\main\AndroidManifest.xml:13:5-69
64            android:name="unity.splash-mode"
64-->src\main\AndroidManifest.xml:13:16-48
65            android:value="0" />
65-->src\main\AndroidManifest.xml:13:49-66
66        <meta-data
66-->src\main\AndroidManifest.xml:14:5-74
67            android:name="unity.splash-enable"
67-->src\main\AndroidManifest.xml:14:16-50
68            android:value="True" />
68-->src\main\AndroidManifest.xml:14:51-71
69        <meta-data
69-->src\main\AndroidManifest.xml:15:5-84
70            android:name="unity.allow-resizable-window"
70-->src\main\AndroidManifest.xml:15:16-59
71            android:value="False" />
71-->src\main\AndroidManifest.xml:15:60-81
72        <meta-data
72-->src\main\AndroidManifest.xml:16:5-81
73            android:name="notch.config"
73-->src\main\AndroidManifest.xml:16:16-43
74            android:value="portrait|landscape" />
74-->src\main\AndroidManifest.xml:16:44-78
75        <meta-data
75-->src\main\AndroidManifest.xml:17:5-101
76            android:name="unity.build-id"
76-->src\main\AndroidManifest.xml:17:16-45
77            android:value="c655673b-915c-4857-8635-d11aa0e9a0ae" />
77-->src\main\AndroidManifest.xml:17:46-98
78        <meta-data
78-->src\main\AndroidManifest.xml:18:5-88
79            android:name="unityplayer.SkipPermissionsDialog"
79-->src\main\AndroidManifest.xml:18:16-64
80            android:value="true" />
80-->src\main\AndroidManifest.xml:18:65-85
81        <meta-data
81-->src\main\AndroidManifest.xml:19:5-77
82            android:name="com.google.ar.core"
82-->src\main\AndroidManifest.xml:19:16-49
83            android:value="required" />
83-->src\main\AndroidManifest.xml:19:50-74
84    </application>
85
86</manifest>